#
# A fatal error has been detected by the Java Runtime Environment:
#
#  EXCEPTION_ACCESS_VIOLATION (0xc0000005) at pc=0x00000136, pid=3312, tid=4624
#
# JRE version: 6.0_45-b06
# Java VM: Java HotSpot(TM) Client VM (20.45-b01 mixed mode, sharing windows-x86 )
# Problematic frame:
# C  0x00000136
#
# If you would like to submit a bug report, please visit:
#   http://java.sun.com/webapps/bugreport/crash.jsp
# The crash happened outside the Java Virtual Machine in native code.
# See problematic frame for where to report the bug.
#

---------------  T H R E A D  ---------------

Current thread (0x0215a800):  JavaThread "main" [_thread_in_native, id=4624, stack(0x00430000,0x00480000)]

siginfo: ExceptionCode=0xc0000005, reading address 0x00000136

Registers:
EAX=0x00000001, EBX=0x04b7bbd8, ECX=0x0215a901, EDX=0x005ada88
ESP=0x0047f31c, EBP=0x0047f338, ESI=0x3433ff98, EDI=0x0215a800
EIP=0x00000136, EFLAGS=0x00010202

Top of Stack: (sp=0x0047f31c)
0x0047f31c:   1002e240 005ada88 00000001 0047f334
0x0047f32c:   00000002 243c5180 3433ff98 0047f380
0x0047f33c:   02269fc7 0215a928 0047f388 005ada88
0x0047f34c:   00000000 00000001 38e2b2f8 00000000
0x0047f35c:   0047f370 0047f360 00000000 0047f398
0x0047f36c:   343857b0 00000000 3433ff98 00000000
0x0047f37c:   0047f390 0047f3bc 02262e21 34385750
0x0047f38c:   022682e9 00000001 005ada88 00000000 

Instructions: (pc=0x00000136)
0x00000116:   
[error occurred during error reporting (printing registers, top of stack, instructions near pc), id 0xc0000005]

Register to memory mapping:

EAX=0x00000001 is an unknown value
EBX=0x04b7bbd8 is an unknown value
ECX=0x0215a901 is an unknown value
EDX=0x005ada88 is an unknown value
ESP=0x0047f31c is pointing into the stack for thread: 0x0215a800
EBP=0x0047f338 is pointing into the stack for thread: 0x0215a800
ESI=0x3433ff98 is an oop
{method} 
 - klass: {other class}
EDI=0x0215a800 is a thread


Stack: [0x00430000,0x00480000],  sp=0x0047f31c,  free space=316k
Native frames: (J=compiled Java code, j=interpreted, Vv=VM code, C=native code)
C  0x00000136
j  net.sf.jirr.JirrJNI.IGUIElement_setVisible(JZ)V+0
j  net.sf.jirr.IGUIElement.setVisible(Z)V+5
j  ws.client.lua.gui.MainMenuState.resume()V+38
j  ws.client.lua.gui.FiniteStateMachine.popState()V+53
j  ws.client.lua.gui.LanMenuState.guiEventCallback(Lnet/sf/jirr/SEvent;)V+60
j  ws.client.lua.gui.GameEventReceiver.OnEvent(Lnet/sf/jirr/SEvent;)Z+14
j  net.sf.jirr.JirrJNI.SwigDirector_IEventReceiver_OnEvent(Lnet/sf/jirr/IEventReceiver;J)Z+10
v  ~StubRoutines::call_stub
V  [jvm.dll+0xfb88b]
V  [jvm.dll+0x18d551]
V  [jvm.dll+0xfb90d]
V  [jvm.dll+0x960f6]
V  [jvm.dll+0x9bcb8]
C  [irrlicht_wrap.dll+0xb6219]  Java_net_sf_jirr_JirrJNI_tQ3EntityList_1sort+0x12a09
C  [irrlicht_wrap.dll+0x3e9a]
C  [Irrlicht.dll+0xe0b0a]
C  [Irrlicht.dll+0xbf1cb]
C  [Irrlicht.dll+0xe3e6e]
C  [Irrlicht.dll+0x134ebc]
C  [Irrlicht.dll+0x138bc0]
C  [USER32.dll+0x162fa]  gapfnScSendMessage+0x332
C  [USER32.dll+0x16d3a]  GetThreadDesktop+0xd7
C  [USER32.dll+0x20d27]  GetClientRect+0xc5
C  [USER32.dll+0x20d4d]  CallWindowProcW+0x1b
C  [OPENGL32.DLL+0x460fb]  wglSwapBuffers+0x2da
C  [USER32.dll+0x162fa]  gapfnScSendMessage+0x332
C  [USER32.dll+0x16d3a]  GetThreadDesktop+0xd7
C  [USER32.dll+0x177c4]  CharPrevW+0x138
C  [USER32.dll+0x17bca]  DispatchMessageA+0xf
C  [Irrlicht.dll+0x138d4b]
C  [irrlicht_wrap.dll+0x463a1]  Java_net_sf_jirr_JirrJNI_IrrlichtDevice_1run+0x11
j  net.sf.jirr.JirrJNI.IrrlichtDevice_run(J)Z+0
j  net.sf.jirr.IrrlichtDevice.run()Z+4
j  ws.client.lua.gui.GameGui.main([Ljava/lang/String;)V+164
v  ~StubRoutines::call_stub
V  [jvm.dll+0xfb88b]
V  [jvm.dll+0x18d551]
V  [jvm.dll+0xfb90d]
V  [jvm.dll+0x960f6]
V  [jvm.dll+0x9df33]
C  [javaw.exe+0x2155]
C  [javaw.exe+0x8624]
C  [KERNEL32.dll+0x133aa]  BaseThreadInitThunk+0x12
C  [ntdll.dll+0x39ef2]  RtlInitializeExceptionChain+0x63
C  [ntdll.dll+0x39ec5]  RtlInitializeExceptionChain+0x36

Java frames: (J=compiled Java code, j=interpreted, Vv=VM code)
j  net.sf.jirr.JirrJNI.IGUIElement_setVisible(JZ)V+0
j  net.sf.jirr.IGUIElement.setVisible(Z)V+5
j  ws.client.lua.gui.MainMenuState.resume()V+38
j  ws.client.lua.gui.FiniteStateMachine.popState()V+53
j  ws.client.lua.gui.LanMenuState.guiEventCallback(Lnet/sf/jirr/SEvent;)V+60
j  ws.client.lua.gui.GameEventReceiver.OnEvent(Lnet/sf/jirr/SEvent;)Z+14
j  net.sf.jirr.JirrJNI.SwigDirector_IEventReceiver_OnEvent(Lnet/sf/jirr/IEventReceiver;J)Z+10
v  ~StubRoutines::call_stub
j  net.sf.jirr.JirrJNI.IrrlichtDevice_run(J)Z+0
j  net.sf.jirr.IrrlichtDevice.run()Z+4
j  ws.client.lua.gui.GameGui.main([Ljava/lang/String;)V+164
v  ~StubRoutines::call_stub

---------------  P R O C E S S  ---------------

Java Threads: ( => current thread )
  0x021f5400 JavaThread "Low Memory Detector" daemon [_thread_blocked, id=4364, stack(0x04630000,0x04680000)]
  0x021f0800 JavaThread "C1 CompilerThread0" daemon [_thread_blocked, id=5008, stack(0x045a0000,0x045f0000)]
  0x021ef800 JavaThread "Attach Listener" daemon [_thread_blocked, id=1444, stack(0x04510000,0x04560000)]
  0x021ec800 JavaThread "Signal Dispatcher" daemon [_thread_blocked, id=1928, stack(0x04480000,0x044d0000)]
  0x021db400 JavaThread "Finalizer" daemon [_thread_blocked, id=5908, stack(0x043f0000,0x04440000)]
  0x021da000 JavaThread "Reference Handler" daemon [_thread_blocked, id=4348, stack(0x04360000,0x043b0000)]
=>0x0215a800 JavaThread "main" [_thread_in_native, id=4624, stack(0x00430000,0x00480000)]

Other Threads:
  0x0219e000 VMThread [stack: 0x042d0000,0x04320000] [id=6812]
  0x02209800 WatcherThread [stack: 0x046c0000,0x04710000] [id=8144]

VM state:not at safepoint (normal execution)

VM Mutex/Monitor currently owned by a thread: None

Heap
 def new generation   total 4928K, used 1341K [0x24280000, 0x247d0000, 0x297d0000)
  eden space 4416K,  30% used [0x24280000, 0x243cf490, 0x246d0000)
  from space 512K,   0% used [0x246d0000, 0x246d0000, 0x24750000)
  to   space 512K,   0% used [0x24750000, 0x24750000, 0x247d0000)
 tenured generation   total 10944K, used 0K [0x297d0000, 0x2a280000, 0x34280000)
   the space 10944K,   0% used [0x297d0000, 0x297d0000, 0x297d0200, 0x2a280000)
 compacting perm gen  total 12288K, used 1248K [0x34280000, 0x34e80000, 0x38280000)
   the space 12288K,  10% used [0x34280000, 0x343b83e8, 0x343b8400, 0x34e80000)
    ro space 10240K,  51% used [0x38280000, 0x387b3000, 0x387b3000, 0x38c80000)
    rw space 12288K,  55% used [0x38c80000, 0x3931e4f8, 0x3931e600, 0x39880000)

Code Cache  [0x02260000, 0x022e8000, 0x04260000)
 total_blobs=364 nmethods=16 adapters=285 free_code_cache=33001344 largest_free_block=0

Dynamic libraries:
0x00400000 - 0x00425000 	D:\Program Files (x86)\Java\jre6\bin\javaw.exe
0x778b0000 - 0x77a30000 	C:\Windows\SysWOW64\ntdll.dll
0x71520000 - 0x7155f000 	C:\Program Files\AVAST Software\Avast\snxhk.dll
0x77200000 - 0x77310000 	C:\Windows\syswow64\KERNEL32.dll
0x76a30000 - 0x76a77000 	C:\Windows\syswow64\KERNELBASE.dll
0x77160000 - 0x77200000 	C:\Windows\syswow64\ADVAPI32.dll
0x77030000 - 0x770dc000 	C:\Windows\syswow64\msvcrt.dll
0x77130000 - 0x77149000 	C:\Windows\SysWOW64\sechost.dll
0x77310000 - 0x77400000 	C:\Windows\syswow64\RPCRT4.dll
0x75310000 - 0x75370000 	C:\Windows\syswow64\SspiCli.dll
0x75300000 - 0x7530c000 	C:\Windows\syswow64\CRYPTBASE.dll
0x76170000 - 0x76270000 	C:\Windows\syswow64\USER32.dll
0x76c70000 - 0x76d00000 	C:\Windows\syswow64\GDI32.dll
0x76a10000 - 0x76a1a000 	C:\Windows\syswow64\LPK.dll
0x76f20000 - 0x76fbd000 	C:\Windows\syswow64\USP10.dll
0x77450000 - 0x774b0000 	C:\Windows\system32\IMM32.DLL
0x76880000 - 0x7694c000 	C:\Windows\syswow64\MSCTF.dll
0x71ff0000 - 0x72028000 	C:\Windows\SysWOW64\nvinit.dll
0x7c340000 - 0x7c396000 	D:\Program Files (x86)\Java\jre6\bin\msvcr71.dll
0x6d810000 - 0x6dac0000 	D:\Program Files (x86)\Java\jre6\bin\client\jvm.dll
0x74f20000 - 0x74f52000 	C:\Windows\system32\WINMM.dll
0x74aa0000 - 0x74aec000 	C:\Windows\system32\apphelp.dll
0x6d7c0000 - 0x6d7cc000 	D:\Program Files (x86)\Java\jre6\bin\verify.dll
0x6d330000 - 0x6d34f000 	D:\Program Files (x86)\Java\jre6\bin\java.dll
0x6d800000 - 0x6d80f000 	D:\Program Files (x86)\Java\jre6\bin\zip.dll
0x10000000 - 0x10104000 	G:\JavaCode\WeissSchwarz\irrlicht_wrap.dll
0x71100000 - 0x714f7000 	G:\JavaCode\WeissSchwarz\Irrlicht.dll
0x04910000 - 0x049c1000 	G:\JavaCode\WeissSchwarz\d3dx81ab.DLL
0x55ba0000 - 0x55c68000 	C:\Windows\system32\OPENGL32.DLL
0x55ea0000 - 0x55ec2000 	C:\Windows\system32\GLU32.dll
0x6a480000 - 0x6a567000 	C:\Windows\system32\DDRAW.dll
0x6f2b0000 - 0x6f2b6000 	C:\Windows\system32\DCIMAN32.dll
0x75370000 - 0x7550d000 	C:\Windows\syswow64\SETUPAPI.dll
0x769e0000 - 0x76a07000 	C:\Windows\syswow64\CFGMGR32.dll
0x76950000 - 0x769df000 	C:\Windows\syswow64\OLEAUT32.dll
0x762f0000 - 0x7644c000 	C:\Windows\syswow64\ole32.dll
0x76d00000 - 0x76d12000 	C:\Windows\syswow64\DEVOBJ.dll
0x73f20000 - 0x73f33000 	C:\Windows\system32\dwmapi.dll
0x73f40000 - 0x73fc0000 	C:\Windows\system32\uxtheme.dll
0x04e60000 - 0x05143000 	C:\Windows\system32\SOGOUPY.IME
0x71fe0000 - 0x71fe5000 	C:\Windows\system32\MSIMG32.dll
0x751d0000 - 0x751d9000 	C:\Windows\system32\VERSION.dll
0x75520000 - 0x7616a000 	C:\Windows\syswow64\SHELL32.dll
0x76fc0000 - 0x77017000 	C:\Windows\syswow64\SHLWAPI.dll
0x70ec0000 - 0x70ee1000 	C:\Windows\system32\ntmarta.dll
0x770e0000 - 0x77125000 	C:\Windows\syswow64\WLDAP32.dll
0x73640000 - 0x736cc000 	C:\Program Files (x86)\SogouInput\Components\PicFace\1.0.0.730\PicFace.dll
0x74ba0000 - 0x74d3e000 	C:\Windows\WinSxS\x86_microsoft.windows.common-controls_6595b64144ccf1df_6.0.7601.17514_none_41e6975e2bd6f2b2\COMCTL32.dll
0x735f0000 - 0x7363f000 	C:\Program Files (x86)\SogouInput\Components\AddressSearch\1.0.0.1169\AddressSearch.dll
0x764a0000 - 0x76658000 	C:\Windows\syswow64\WININET.dll
0x76a80000 - 0x76a84000 	C:\Windows\syswow64\api-ms-win-downlevel-user32-l1-1-0.dll
0x77020000 - 0x77025000 	C:\Windows\syswow64\api-ms-win-downlevel-advapi32-l1-1-0.dll
0x766c0000 - 0x766c4000 	C:\Windows\syswow64\api-ms-win-downlevel-shlwapi-l1-1-0.dll
0x77150000 - 0x77154000 	C:\Windows\syswow64\api-ms-win-downlevel-version-l1-1-0.dll
0x090f0000 - 0x090f3000 	C:\Windows\syswow64\api-ms-win-downlevel-normaliz-l1-1-0.dll
0x76490000 - 0x76493000 	C:\Windows\syswow64\normaliz.DLL
0x76d20000 - 0x76f18000 	C:\Windows\syswow64\iertutil.dll
0x74b20000 - 0x74b5c000 	C:\Windows\system32\OLEACC.dll
0x091f0000 - 0x09e6e000 	C:\Windows\system32\ig7icd32.dll
0x76a20000 - 0x76a25000 	C:\Windows\system32\PSAPI.DLL

VM Arguments:
jvm_args: -Dfile.encoding=Cp1252 
java_command: ws.client.lua.gui.GameGui
Launcher Type: SUN_STANDARD

Environment Variables:
JAVA_HOME=D:\Program Files (x86)\Java\jdk1.6.0_45
CLASSPATH=D:\Program Files (x86)\Java\jdk1.6.0_45\lib;D:\Program Files (x86)\Java\jdk1.6.0_45\lib\dt.jar;D:\Program Files (x86)\Java\jdk1.6.0_45\lib\tools.jar
PATH=D:/Program Files (x86)/Java/jdk1.6.0_45/bin/../jre/bin/client;D:/Program Files (x86)/Java/jdk1.6.0_45/bin/../jre/bin;D:/Program Files (x86)/Java/jdk1.6.0_45/bin/../jre/lib/i386;G:\Tool\Python27\Lib\site-packages\PyQt4;C:\Program Files\Common Files\Microsoft Shared\Windows Live;C:\Program Files (x86)\NVIDIA Corporation\PhysX\Common;C:\Program Files (x86)\Intel\iCLS Client\;C:\Program Files\Intel\iCLS Client\;C:\Windows\system32;C:\Windows;C:\Windows\System32\Wbem;C:\Windows\System32\WindowsPowerShell\v1.0\;C:\Program Files (x86)\Intel\OpenCL SDK\2.0\bin\x86;C:\Program Files (x86)\Intel\OpenCL SDK\2.0\bin\x64;C:\Program Files\Intel\Intel(R) Management Engine Components\DAL;C:\Program Files\Intel\Intel(R) Management Engine Components\IPT;C:\Program Files (x86)\Intel\Intel(R) Management Engine Components\DAL;C:\Program Files (x86)\Intel\Intel(R) Management Engine Components\IPT;C:\Program Files\Microsoft\Web Platform Installer\;C:\Program Files (x86)\Microsoft ASP.NET\ASP.NET Web Pages\v1.0\;C:\Program Files\Microsoft SQL Server\110\Tools\Binn\;C:\Users\MiameRishio\Downloads\Windows7Masterv1.67\Windows7Master\;G:\Tool\Python27;C:\Program Files (x86)\Microsoft Visual Studio 11.0\VC\bin\nmake.exe;D:\Program Files\TortoiseSVN\bin;C:\Program Files (x86)\Microsoft SQL Server\100\Tools\Binn\;C:\Program Files\Microsoft SQL Server\100\Tools\Binn\;C:\Program Files\Microsoft SQL Server\100\DTS\Binn\;G:\Program Files (x86)\Microsoft Visual Studio 10.0\VC\bin\;D:\Program Files (x86)\Java\jdk1.6.0_45\bin;D:\Program Files (x86)\Java\jdk1.6.0_45\jre\bin;G:\Tool\Lua\5.1;G:\Tool\Lua\5.1\clibs;C:\Program Files\Common Files\Microsoft Shared\Windows Live;G:\Tool\OpenCV\build\x86\vc10\bin;G:\Eclipse\eclipse-jee-juno-SR2-win32;
USERNAME=MiameRishio
OS=Windows_NT
PROCESSOR_IDENTIFIER=Intel64 Family 6 Model 58 Stepping 9, GenuineIntel



---------------  S Y S T E M  ---------------

OS: Windows 7 , 64 bit Build 7601 Service Pack 1

CPU:total 4 (2 cores per cpu, 2 threads per core) family 6 model 58 stepping 9, cmov, cx8, fxsr, mmx, sse, sse2, sse3, ssse3, sse4.1, sse4.2, popcnt, ht

Memory: 4k page, physical 5875688k(2485520k free), swap 11749516k(6880776k free)

vm_info: Java HotSpot(TM) Client VM (20.45-b01) for windows-x86 JRE (1.6.0_45-b06), built on Mar 26 2013 13:40:03 by "java_re" with MS VC++ 7.1 (VS2003)

time: Mon Jun 03 00:00:00 2013
elapsed time: 2 seconds

